<?xml version="1.0" encoding="UTF-8"?>
<testng-results ignored="0" total="1" passed="1" failed="0" skipped="0">
  <reporter-output>
  </reporter-output>
  <suite started-at="2022-05-01T13:23:38 EDT" name="Default suite" finished-at="2022-05-01T13:23:42 EDT" duration-ms="4304">
    <groups>
    </groups>
    <test started-at="2022-05-01T13:23:38 EDT" name="Default test" finished-at="2022-05-01T13:23:42 EDT" duration-ms="4304">
      <class name="testpackage.maven_test1">
        <test-method signature="maven_1()[pri:0, instance:testpackage.maven_test1@22ef9844]" started-at="2022-05-01T13:23:38 EDT" name="maven_1" finished-at="2022-05-01T13:23:42 EDT" duration-ms="4204" status="PASS">
          <reporter-output>
          </reporter-output>
        </test-method> <!-- maven_1 -->
      </class> <!-- testpackage.maven_test1 -->
    </test> <!-- Default test -->
  </suite> <!-- Default suite -->
</testng-results>
